=~=~=~=~=~=~=~=~=~=~=~= PuTTY log 2020.10.05 14:57:54 =~=~=~=~=~=~=~=~=~=~=~=
zxic
Login: root
Password: 

BusyBox v1.01 (2016.09.28-09:32+0000) Built-in shell (ash)
Enter 'help' for a list of built-in commands.

/ # cat /proc/cpuinfo
Processor       : ARMv7 Processor rev 1 (v7l)
BogoMIPS        : 1196.03
Features        : swp half fastmult edsp 
CPU implementer : 0x41
CPU architecture: 7
CPU variant     : 0x4
CPU part        : 0xc09
CPU revision    : 1

Hardware        : ZX279125
Revision        : 0020
Serial          : 0000000000000000
/ # cat /proc/meminfo
MemTotal:          17756 kB
MemFree:            1224 kB
Buffers:               0 kB
Cached:             7960 kB
SwapCached:            0 kB
Active:             6176 kB
Inactive:           5028 kB
Active(anon):       1444 kB
Inactive(anon):     2032 kB
Active(file):       4732 kB
Inactive(file):     2996 kB
Unevictable:           0 kB
Mlocked:               0 kB
SwapTotal:             0 kB
SwapFree:              0 kB
Dirty:                 0 kB
Writeback:             0 kB
AnonPages:          3284 kB
Mapped:             3252 kB
Shmem:               232 kB
Slab:               2048 kB
SReclaimable:        280 kB
SUnreclaim:         1768 kB
KernelStack:         504 kB
PageTables:          268 kB
NFS_Unstable:          0 kB
Bounce:                0 kB
WritebackTmp:          0 kB
CommitLimit:        8876 kB
Committed_AS:      13808 kB
VmallocTotal:     745472 kB
VmallocUsed:         436 kB
VmallocChunk:     740304 kB
/ # ifconfig
br0       Link encap:Ethernet  HWaddr 38:3A:21:28:00:05  
          inet addr:192.168.1.1  Bcast:192.168.1.255  Mask:255.255.255.0
          UP BROADCAST RUNNING MULTICAST  MTU:1500  Metric:1
          RX packets:59408 errors:0 dropped:58 overruns:0 frame:0
          TX packets:51734 errors:0 dropped:0 overruns:0 carrier:0
          collisions:0 txqueuelen:0 
          RX bytes:3865838 (3.6 MiB)  TX bytes:29476109 (28.1 MiB)

eth0      Link encap:Ethernet  HWaddr 38:3A:21:28:00:05  
          UP BROADCAST RUNNING MULTICAST  MTU:1500  Metric:1
          RX packets:59408 errors:0 dropped:0 overruns:0 frame:0
          TX packets:51732 errors:0 dropped:0 overruns:0 carrier:0
          collisions:0 txqueuelen:100 
          RX bytes:3865838 (3.6 MiB)  TX bytes:29475929 (28.1 MiB)

nbif0     Link encap:Ethernet  HWaddr 38:3A:21:28:00:05  
          UP BROADCAST RUNNING MULTICAST  MTU:1500  Metric:1
          RX packets:0 errors:0 dropped:0 overruns:0 frame:0
          TX packets:7631 errors:0 dropped:0 overruns:0 carrier:0
          collisions:0 txqueuelen:100 
          RX bytes:0 (0.0 B)  TX bytes:1396414 (1.3 MiB)

omci      Link encap:Ethernet  HWaddr 00:D0:D0:81:82:83  
          UP BROADCAST RUNNING MULTICAST  MTU:1500  Metric:1
          RX packets:507 errors:0 dropped:0 overruns:0 frame:0
          TX packets:508 errors:0 dropped:0 overruns:0 carrier:0
          collisions:0 txqueuelen:100 
          RX bytes:24336 (23.7 KiB)  TX bytes:24384 (23.8 KiB)

pon       Link encap:Ethernet  HWaddr 00:D0:D0:81:82:83  
          UP BROADCAST RUNNING MULTICAST  MTU:1500  Metric:1
          RX packets:0 errors:0 dropped:0 overruns:0 frame:0
          TX packets:0 errors:0 dropped:7631 overruns:0 carrier:0
          collisions:0 txqueuelen:100 
          RX bytes:0 (0.0 B)  TX bytes:0 (0.0 B)

pon0      Link encap:Ethernet  HWaddr 38:3A:21:28:00:05  
          UP BROADCAST RUNNING MULTICAST  MTU:1500  Metric:1
          RX packets:0 errors:0 dropped:0 overruns:0 frame:0
          TX packets:7631 errors:0 dropped:0 overruns:0 carrier:0
          collisions:0 txqueuelen:100 
          RX bytes:0 (0.0 B)  TX bytes:1396414 (1.3 MiB)

sw        Link encap:Ethernet  HWaddr 00:D0:D0:81:82:83  
          UP BROADCAST RUNNING MULTICAST  MTU:1500  Metric:1
          RX packets:59408 errors:0 dropped:0 overruns:0 frame:0
          TX packets:51732 errors:0 dropped:0 overruns:0 carrier:0
          collisions:0 txqueuelen:100 
          RX bytes:4697550 (4.4 MiB)  TX bytes:29475929 (28.1 MiB)

/ # ip a
1: lo: <LOOPBACK> mtu 16436 qdisc noop state DOWN 
    link/loopback 00:00:00:00:00:00 brd 00:00:00:00:00:00
2: omci: <BROADCAST,MULTICAST,UP,LOWER_UP> mtu 1500 qdisc pfifo_fast state UNKNOWN qlen 100
    link/ether 00:d0:d0:81:82:83 brd ff:ff:ff:ff:ff:ff
3: sw: <BROADCAST,MULTICAST,UP,LOWER_UP> mtu 1500 qdisc pfifo_fast state UNKNOWN qlen 100
    link/ether 00:d0:d0:81:82:83 brd ff:ff:ff:ff:ff:ff
4: pon: <BROADCAST,MULTICAST,UP,LOWER_UP> mtu 1500 qdisc pfifo_fast state UNKNOWN qlen 100
    link/ether 00:d0:d0:81:82:83 brd ff:ff:ff:ff:ff:ff
5: sit0: <NOARP> mtu 1480 qdisc noop state DOWN 
    link/sit 0.0.0.0 brd 0.0.0.0
6: ip6tnl0: <NOARP> mtu 1452 qdisc noop state DOWN 
    link/tunnel6 :: brd ::
7: pon0: <BROADCAST,MULTICAST,UP,LOWER_UP> mtu 1500 qdisc pfifo_fast state UNKNOWN qlen 100
    link/ether 38:3a:21:28:00:05 brd ff:ff:ff:ff:ff:ff
8: br0: <BROADCAST,MULTICAST,UP,LOWER_UP> mtu 1500 qdisc noqueue state UP 
    link/ether 38:3a:21:28:00:05 brd ff:ff:ff:ff:ff:ff
    inet 192.168.1.1/24 brd 192.168.1.255 scope global br0
9: eth0: <BROADCAST,MULTICAST,UP,LOWER_UP> mtu 1500 qdisc pfifo_fast master br0 state UNKNOWN qlen 100
    link/ether 38:3a:21:28:00:05 brd ff:ff:ff:ff:ff:ff
10: nbif0: <BROADCAST,MULTICAST,UP,LOWER_UP> mtu 1500 qdisc pfifo_fast master br0 state UNKNOWN qlen 100
    link/ether 38:3a:21:28:00:05 brd ff:ff:ff:ff:ff:ff
/ # iptables -L
Chain INPUT (policy ACCEPT)
target     prot opt source               destination         
ACCEPT     icmp --  anywhere             anywhere             icmp !echo-request
ACCEPT     all  --  anywhere             anywhere             destination IP range 224.0.0.0-239.255.255.255
6rd        all  --  anywhere             anywhere            
srvcntrl   all  --  anywhere             anywhere            
srvdrop    all  --  anywhere             anywhere            
fwports    all  --  anywhere             anywhere            
fwinput    all  --  anywhere             anywhere            

Chain FORWARD (policy ACCEPT)
target     prot opt source               destination         
ACCEPT     icmp --  anywhere             anywhere             icmp !echo-request
ACCEPT     all  --  anywhere             anywhere             destination IP range 224.0.0.0-239.255.255.255
urldoor    all  --  anywhere             anywhere            
macfilter  all  --  anywhere             anywhere            
algfilter  all  --  anywhere             anywhere            
ipfilter   all  --  anywhere             anywhere            
portmapp   all  --  anywhere             anywhere            
dmzmapp    all  --  anywhere             anywhere            
fwforward  all  --  anywhere             anywhere            

Chain OUTPUT (policy ACCEPT)
target     prot opt source               destination         

Chain 6rd (1 references)
target     prot opt source               destination         

Chain algfilter (1 references)
target     prot opt source               destination         

Chain dmzmapp (1 references)
target     prot opt source               destination         

Chain fwforward (1 references)
target     prot opt source               destination         
ACCEPT     all  --  anywhere             anywhere             DEVWL match:WANDEV


Chain fwinput (1 references)
target     prot opt source               destination         
ACCEPT     icmp --  anywhere             anywhere             icmp echo-request DEVWL match:WANDEV

ACCEPT     all  --  anywhere             anywhere             state RELATED,ESTABLISHED DEVWL match:WANDEV

ACCEPT     all  --  anywhere             anywhere             DEVWL match:WANDEV


Chain fwports (1 references)
target     prot opt source               destination         

Chain ipfilter (1 references)
target     prot opt source               destination         

Chain macfilter (1 references)
target     prot opt source               destination         

Chain portmapp (1 references)
target     prot opt source               destination         

Chain srvcntrl (1 references)
target     prot opt source               destination         
ACCEPT     tcp  --  anywhere             anywhere             tcp dpt:telnet

Chain srvdrop (1 references)
target     prot opt source               destination         
DROP       tcp  --  anywhere             anywhere             tcp dpt:www DEVWL match:WANDEV

DROP       tcp  --  anywhere             anywhere             tcp dpt:ftp DEVWL match:WANDEV

DROP       tcp  --  anywhere             anywhere             tcp dpt:telnet DEVWL match:WANDEV

DROP       tcp  --  anywhere             anywhere             tcp dpt:https DEVWL match:WANDEV


Chain urldoor (1 references)
target     prot opt source               destination         

Chain webfilter (0 references)
target     prot opt source               destination         

Chain webpolicy (0 references)
target     prot opt source               destination         

Chain wfmode (0 references)
target     prot opt source               destination         
/ # ls /home/httpd
Get_WANCStatus.gch               manager_dev_version_js.gch
IPv46_net_wan2_conf_t.gch        manager_dev_version_t.gch
IPv46_net_wan_conf_js.gch        manager_login_timeout_js.gch
IPv46_net_wan_conf_t.gch         manager_login_timeout_t.gch
IPv46_status_wan_if_t.gch        manager_loopback_basic_js.gch
IPv46_wancbridge_gch.gch         manager_loopback_basic_t.gch
IPv46_wancip_gch.gch             manager_loopback_enable_js.gch
IPv46_wancppp_gch.gch            manager_loopback_enable_t.gch
IPv46_wanctype_gch.gch           manager_loopback_vlan_js.gch
IPv4_wan_query.gch               manager_loopback_vlan_t.gch
act_inform_gch.gch               manager_mirro_js.gch
all_mac_gch.gch                  manager_mirro_t.gch
all_url_gch.gch                  manager_user_conf_js.gch
app_bpdu_conf_js.gch             manager_user_conf_t.gch
app_bpdu_conf_t.gch              manager_version_query_t.gch
app_dev_dns_js.gch               mirror_gch.gch
app_dev_dns_t.gch                multicast_address_gch.gch
app_dev_domain_js.gch            multicast_basic_gch.gch
app_dev_domain_t.gch             multicast_vlan_gch.gch
app_dev_name_js.gch              net_dhcp_dynamic_js.gch
app_dev_name_t.gch               net_dhcp_dynamic_t.gch
app_igmp_mode_js.gch             net_dhcp_specialdevice_js.gch
app_igmp_mode_t.gch              net_dhcp_specialdevice_t.gch
app_multicast_address_js.gch     net_route_default_js.gch
app_multicast_address_t.gch      net_route_default_t.gch
app_multicast_basic_js.gch       net_route_static_js.gch
app_multicast_basic_t.gch        net_route_static_t.gch
app_multicast_tag_js.gch         net_tr069_basic_js.gch
app_multicast_tag_t.gch          net_tr069_basic_t.gch
app_multicast_vlan_js.gch        net_tr069_cafile_js.gch
app_multicast_vlan_t.gch         net_tr069_cafile_t.gch
app_route_table_js.gch           net_v6_dhcp_dynamic_js.gch
app_route_table_t.gch            net_v6_dhcp_dynamic_t.gch
app_virtual_conf_js.gch          pagefunc_js.gch
app_virtual_conf_t.gch           pageinfo_func.gch
auth                             pon_app_igmp_mode_gch.gch
bpdu_conf_gch.gch                pon_app_igmp_mode_js.gch
checktoupper.conf                pon_loid_conf_gch.gch
common_gch.gch                   pon_manager_led_control_gch.gch
dev_ping_gch.gch                 pon_manager_led_control_js.gch
devname_gch.gch                  pon_manager_led_control_t.gch
dhcp_basic_gch.gch               pon_net_ponloid_js.gch
dhcp_bind_gch.gch                pon_net_ponloid_t.gch
dhcp_bindonport_gch.gch          pon_net_sn_gch.gch
dhcp_host_gch.gch                pon_net_sn_js.gch
dhcp_hostinfo_gch.gch            pon_net_sn_t.gch
dhcp_specialdevice_gch.gch       pon_status_lan_info_t.gch
dmenu.conf                       pon_status_link_info_t.gch
dns_dhcphost_gch.gch             project.conf
dns_gch.gch                      public
dns_host_gch.gch                 route_default_gch.gch
equip_gch.gch                    route_static_gch.gch
frame.gch                        route_table_gch.gch
fw_alg_gch.gch                   sc_gch.gch
fw_base_gch.gch                  sec_firewallRule_conf_js.gch
fw_ip6_gch.gch                   sec_firewallRule_conf_t.gch
fw_ip_gch.gch                    sec_firewall_conf_js.gch
fw_level_gch.gch                 sec_firewall_conf_t.gch
fw_mac_base_gch.gch              sec_fw_alg_js.gch
fw_mac_gch.gch                   sec_fw_alg_t.gch
fw_pm_gch.gch                    sec_fw_servport_js.gch
fw_servport_gch.gch              sec_fw_servport_t.gch
fw_url_gch.gch                   sec_macfilter_conf_js.gch
global.gch                       sec_macfilter_conf_t.gch
help_t.gch                       sec_portfilter6_conf_js.gch
host_second_gch.gch              sec_portfilter6_conf_t.gch
igmp_config.gch                  sec_portfilter_conf_js.gch
igmp_proxy_conf_gch.gch          sec_portfilter_conf_t.gch
igmp_snoop_pon_gch.gch           sec_sc_js.gch
langcn.conf                      sec_sc_t.gch
langen.conf                      sec_url_filter_conf_js.gch
login.gch                        sec_url_filter_t.gch
login_t.gch                      secondIP_base_gch.gch
login_timeout_gch.gch            setlang.gch
loopback_basic_gch.gch           status_dev_info_t.gch
loopback_enable_gch.gch          status_itms_info_t.gch
loopback_vlan_gch.gch            template.gch
manage_server_gch.gch            top.gch
manage_tr069_gch.gch             total_sc_gch.gch
manager_act_inform_js.gch        user_info_gch.gch
manager_act_inform_t.gch         v6_br0_dhcp_gch.gch
manager_aduser_conf_t.gch        v6_dhcpc_gch.gch
manager_dev_conf_js.gch          v6_dhcps_gch.gch
manager_dev_conf_t.gch           wan_dsl_query.gch
manager_dev_config_js.gch        wan_eth_query.gch
manager_dev_config_t.gch         wan_func.gch
manager_dev_ping_js.gch          wan_lan_query.gch
manager_dev_ping_t.gch           wan_query.gch
manager_dev_query_t.gch          wan_tty_query.gch
/ # ls /dev
FeedDog        mtdblock0      ptyp8          sdb3           ttyp0
bob_dev        mtdblock1      ptyp9          sdb4           ttyp1
console        mtdblock2      ptypa          sdc            ttyp2
dsp_dev        mtdblock3      ptypb          sdc1           ttyp3
dsp_trace      mtdblock4      ptypc          sdc2           ttyp4
epon_tst       mtdblock5      ptypd          sdc3           ttyp5
epondrv_dev    mtdblock6      ptype          sdc4           ttyp6
ethdriver      mtdblock7      ptypf          sdd            ttyp7
fpga           mtdblock8      ram            sdd1           ttyp8
full           null           ram0           sdd2           ttyp9
gpondrv_dev    optical_dev    ram1           sdd3           ttypa
kmem           peripheral     random         sdd4           ttypb
ledkey_m       port           sda            sim_dev        ttypc
mem            ppp            sda1           spi            ttypd
mixer          ptmx           sda2           switch_dev     ttype
mtd0           ptp_dev        sda3           switch_tst     ttypf
mtd1           ptyp0          sda4           tagparam_m     urandom
mtd2           ptyp1          sda5           tm_sample_dev  usrline
mtd3           ptyp2          sda6           tty            watchdog
mtd4           ptyp3          sda7           tty0           zero
mtd5           ptyp4          sda8           tty1           ztegpon_dev
mtd6           ptyp5          sdb            tty2
mtd7           ptyp6          sdb1           ttyS0
mtd8           ptyp7          sdb2           ttyS1
/ # ls /bin
ash             ebtables        ip              mv              setmac
bobtest         echo            ip6tables       opticaltst      sh
brctl           egrep           iptables        pc              sleep
busybox         ethdriver_test  kill            ping            switchtst
cat             flash_eraseall  kshell          pppd            sync
chmod           fpga            ln              pppoe-server    tc
cmapidbg        fw_flashing     login           ps              telnetd
cp              gpon_omci       ls              pwd             tmtst
cspd            gponsdk_test    mkdir           redir           tso
date            gpontest        mknod           rm              umount
devmem2         grep            mount           rmdir           upgradetest
df              hostname        mtd_debug       sed
dnsmasq         httpd           multicast_test  sendcmd
/ # gpon_omci
====================gpon_omci start======================
[main]$$$ omci OSSStart error:-1!
/ # ls
bin         home        lib         proc        sys         usr
dev         init        linuxrc     root        tagparam    var
etc         kmodule     mnt         sbin        userconfig  webpages
/ # exit
